GROUP,PACKAGE,CLASS,INSTRUCTION_MISSED,INSTRUCTION_COVERED,BRANCH_MISSED,BRANCH_COVERED,LINE_MISSED,LINE_COVERED,COMPLEXITY_MISSED,COMPLEXITY_COVERED,METHOD_MISSED,METHOD_COVERED
DOJO_POKERHAND,utils,ListComparator,0,48,0,8,0,9,0,6,0,2
DOJO_POKERHAND,pokerhand,ConsoleInterface,0,39,0,0,0,11,0,2,0,2
DOJO_POKERHAND,pokerhand.core,Power,6,66,0,8,0,11,2,8,2,4
DOJO_POKERHAND,pokerhand.core,HandType,0,57,0,0,0,10,0,1,0,1
DOJO_POKERHAND,pokerhand.core,Card,0,57,0,7,0,12,0,10,0,5
DOJO_POKERHAND,pokerhand.core,CardValue,0,81,0,0,0,14,0,1,0,1
DOJO_POKERHAND,pokerhand.core,Hand,5,88,2,8,1,23,2,11,0,8
DOJO_POKERHAND,pokerhand.core,Party,0,30,0,0,0,7,0,3,0,3
